build/app/intermediates/manifest_merge_blame_file/release/manifest-merger-blame-release-report.txt
1<?xml version="1.0" encoding="utf-8"?>
2<manifest xmlns:android="http://schemas.android.com/apk/res/android"
3    package="com.example.photo_diary"
4    android:versionCode="1"
5    android:versionName="1.0.0" >
6
7    <uses-sdk
8        android:minSdkVersion="16"
8-->src/main/AndroidManifest.xml
9        android:targetSdkVersion="28" />
9-->src/main/AndroidManifest.xml
10    <!--
11         io.flutter.app.FlutterApplication is an android.app.Application that
12         calls FlutterMain.startInitialization(this); in its onCreate method.
13         In most cases you can leave this as-is, but you if you want to provide
14         additional functionality it is fine to subclass or reimplement
15         FlutterApplication and put your custom class here.
16    -->
17    <uses-permission android:name="android.permission.CAMERA" />
17-->src/main/AndroidManifest.xml:8:5-65
17-->src/main/AndroidManifest.xml:8:22-62
18    <uses-permission android:name="android.permission.FLASHLIGHT" />
18-->src/main/AndroidManifest.xml:9:5-69
18-->src/main/AndroidManifest.xml:9:22-66
19    <uses-permission android:name="android.permission.INTERNET" />
19-->[:google_sign_in] AndroidManifest.xml:7:5-67
19-->[:google_sign_in] AndroidManifest.xml:7:22-64
20    <uses-permission android:name="android.permission.READ_EXTERNAL_STORAGE" />
20-->[:image_picker] AndroidManifest.xml:7:5-80
20-->[:image_picker] AndroidManifest.xml:7:22-77
21    <uses-permission android:name="android.permission.WRITE_EXTERNAL_STORAGE" />
21-->[:image_picker] AndroidManifest.xml:8:5-81
21-->[:image_picker] AndroidManifest.xml:8:22-78
22    <uses-permission android:name="android.permission.ACCESS_NETWORK_STATE" />
22-->[:firebase_analytics] AndroidManifest.xml:7:5-79
22-->[:firebase_analytics] AndroidManifest.xml:7:22-76
23    <uses-permission android:name="android.permission.WAKE_LOCK" /> <!-- Required by older versions of Google Play services to create IID tokens -->
23-->[:firebase_analytics] AndroidManifest.xml:9:5-68
23-->[:firebase_analytics] AndroidManifest.xml:9:22-65
24    <uses-permission android:name="com.google.android.c2dm.permission.RECEIVE" />
24-->[com.google.firebase:firebase-iid:17.1.2] AndroidManifest.xml:26:5-82
24-->[com.google.firebase:firebase-iid:17.1.2] AndroidManifest.xml:26:22-79
25    <uses-permission android:name="com.google.android.finsky.permission.BIND_GET_INSTALL_REFERRER_SERVICE" />
25-->[com.google.android.gms:play-services-measurement:16.5.0] AndroidManifest.xml:26:5-110
25-->[com.google.android.gms:play-services-measurement:16.5.0] AndroidManifest.xml:26:22-107
26
27    <application
27-->src/main/AndroidManifest.xml:11:5-49:19
28        android:name="io.flutter.app.FlutterApplication"
28-->src/main/AndroidManifest.xml:12:9-57
29        android:appComponentFactory="androidx.core.app.CoreComponentFactory"
29-->[androidx.core:core:1.1.0] AndroidManifest.xml:24:18-86
30        android:icon="@mipmap/ic_launcher"
30-->src/main/AndroidManifest.xml:14:9-43
31        android:label="Photo Diary" >
31-->src/main/AndroidManifest.xml:13:9-36
32        <activity
32-->src/main/AndroidManifest.xml:15:9-43:20
33            android:name="com.example.photo_diary.MainActivity"
33-->src/main/AndroidManifest.xml:16:13-41
34            android:configChanges="orientation|keyboardHidden|keyboard|screenSize|smallestScreenSize|locale|layoutDirection|fontScale|screenLayout|density|uiMode"
34-->src/main/AndroidManifest.xml:19:13-163
35            android:hardwareAccelerated="true"
35-->src/main/AndroidManifest.xml:20:13-47
36            android:launchMode="singleTop"
36-->src/main/AndroidManifest.xml:17:13-43
37            android:theme="@style/LaunchTheme"
37-->src/main/AndroidManifest.xml:18:13-47
38            android:windowSoftInputMode="adjustResize" >
38-->src/main/AndroidManifest.xml:21:13-55
39
40            <!--
41                 Specifies an Android theme to apply to this Activity as soon as
42                 the Android process has started. This theme is visible to the user
43                 while the Flutter UI initializes. After that, this theme continues
44                 to determine the Window background behind the Flutter UI.
45            -->
46            <meta-data
46-->src/main/AndroidManifest.xml:26:13-29:17
47                android:name="io.flutter.embedding.android.NormalTheme"
47-->src/main/AndroidManifest.xml:27:15-70
48                android:resource="@style/NormalTheme" />
48-->src/main/AndroidManifest.xml:28:15-52
49            <!--
50                 Displays an Android View that continues showing the launch screen
51                 Drawable until Flutter paints its first frame, then this splash
52                 screen fades out. A splash screen is useful to avoid any visual
53                 gap between the end of Android's launch screen and the painting of
54                 Flutter's first frame.
55            -->
56            <meta-data
56-->src/main/AndroidManifest.xml:35:13-38:17
57                android:name="io.flutter.embedding.android.SplashScreenDrawable"
57-->src/main/AndroidManifest.xml:36:15-79
58                android:resource="@drawable/launch_background" />
58-->src/main/AndroidManifest.xml:37:15-61
59
60            <intent-filter>
60-->src/main/AndroidManifest.xml:39:13-42:29
61                <action android:name="android.intent.action.MAIN" />
61-->src/main/AndroidManifest.xml:40:17-68
61-->src/main/AndroidManifest.xml:40:25-66
62
63                <category android:name="android.intent.category.LAUNCHER" />
63-->src/main/AndroidManifest.xml:41:17-76
63-->src/main/AndroidManifest.xml:41:27-74
64            </intent-filter>
65        </activity>
66        <!--
67             Don't delete the meta-data below.
68             This is used by the Flutter tool to generate GeneratedPluginRegistrant.java
69        -->
70        <meta-data
70-->src/main/AndroidManifest.xml:46:9-48:33
71            android:name="flutterEmbedding"
71-->src/main/AndroidManifest.xml:47:13-44
72            android:value="2" />
72-->src/main/AndroidManifest.xml:48:13-30
73
74        <service
74-->[:firebase_storage] AndroidManifest.xml:8:9-12:19
75            android:name="com.google.firebase.components.ComponentDiscoveryService"
75-->[:firebase_storage] AndroidManifest.xml:8:18-89
76            android:directBootAware="true"
76-->[com.google.firebase:firebase-common:19.3.0] AndroidManifest.xml:34:13-43
77            android:exported="false" >
77-->[com.google.firebase:firebase-firestore:21.3.0] AndroidManifest.xml:19:13-37
78            <meta-data
78-->[:firebase_storage] AndroidManifest.xml:9:13-11:85
79                android:name="com.google.firebase.components:io.flutter.plugins.firebase.storage.FlutterFirebaseAppRegistrar"
79-->[:firebase_storage] AndroidManifest.xml:10:17-126
80                android:value="com.google.firebase.components.ComponentRegistrar" />
80-->[:firebase_storage] AndroidManifest.xml:11:17-82
81            <meta-data
81-->[:firebase_analytics] AndroidManifest.xml:13:13-15:85
82                android:name="com.google.firebase.components:io.flutter.plugins.firebaseanalytics.FlutterFirebaseAppRegistrar"
82-->[:firebase_analytics] AndroidManifest.xml:14:17-127
83                android:value="com.google.firebase.components.ComponentRegistrar" />
83-->[:firebase_analytics] AndroidManifest.xml:15:17-82
84            <meta-data
84-->[:cloud_firestore] AndroidManifest.xml:9:13-11:85
85                android:name="com.google.firebase.components:io.flutter.plugins.firebase.cloudfirestore.FlutterFirebaseAppRegistrar"
85-->[:cloud_firestore] AndroidManifest.xml:10:17-133
86                android:value="com.google.firebase.components.ComponentRegistrar" />
86-->[:cloud_firestore] AndroidManifest.xml:11:17-82
87            <meta-data
87-->[:firebase_auth] AndroidManifest.xml:9:13-11:85
88                android:name="com.google.firebase.components:io.flutter.plugins.firebaseauth.FlutterFirebaseAppRegistrar"
88-->[:firebase_auth] AndroidManifest.xml:10:17-122
89                android:value="com.google.firebase.components.ComponentRegistrar" />
89-->[:firebase_auth] AndroidManifest.xml:11:17-82
90            <meta-data
90-->[:firebase_core] AndroidManifest.xml:9:13-11:85
91                android:name="com.google.firebase.components:io.flutter.plugins.firebase.core.FlutterFirebaseAppRegistrar"
91-->[:firebase_core] AndroidManifest.xml:10:17-123
92                android:value="com.google.firebase.components.ComponentRegistrar" />
92-->[:firebase_core] AndroidManifest.xml:11:17-82
93            <meta-data
93-->[com.google.firebase:firebase-firestore:21.3.0] AndroidManifest.xml:20:13-22:85
94                android:name="com.google.firebase.components:com.google.firebase.firestore.FirestoreRegistrar"
94-->[com.google.firebase:firebase-firestore:21.3.0] AndroidManifest.xml:21:17-111
95                android:value="com.google.firebase.components.ComponentRegistrar" />
95-->[com.google.firebase:firebase-firestore:21.3.0] AndroidManifest.xml:22:17-82
96            <meta-data
96-->[com.google.firebase:firebase-storage:17.0.0] AndroidManifest.xml:31:13-33:85
97                android:name="com.google.firebase.components:com.google.firebase.storage.StorageRegistrar"
97-->[com.google.firebase:firebase-storage:17.0.0] AndroidManifest.xml:32:17-107
98                android:value="com.google.firebase.components.ComponentRegistrar" />
98-->[com.google.firebase:firebase-storage:17.0.0] AndroidManifest.xml:33:17-82
99            <meta-data
99-->[com.google.firebase:firebase-auth:19.2.0] AndroidManifest.xml:36:13-38:85
100                android:name="com.google.firebase.components:com.google.firebase.auth.FirebaseAuthRegistrar"
100-->[com.google.firebase:firebase-auth:19.2.0] AndroidManifest.xml:37:17-109
101                android:value="com.google.firebase.components.ComponentRegistrar" />
101-->[com.google.firebase:firebase-auth:19.2.0] AndroidManifest.xml:38:17-82
102            <meta-data
102-->[com.google.android.gms:play-services-measurement-api:16.5.0] AndroidManifest.xml:30:13-32:85
103                android:name="com.google.firebase.components:com.google.firebase.analytics.connector.internal.AnalyticsConnectorRegistrar"
103-->[com.google.android.gms:play-services-measurement-api:16.5.0] AndroidManifest.xml:31:17-139
104                android:value="com.google.firebase.components.ComponentRegistrar" />
104-->[com.google.android.gms:play-services-measurement-api:16.5.0] AndroidManifest.xml:32:17-82
105            <meta-data
105-->[com.google.firebase:firebase-iid:17.1.2] AndroidManifest.xml:32:13-34:85
106                android:name="com.google.firebase.components:com.google.firebase.iid.Registrar"
106-->[com.google.firebase:firebase-iid:17.1.2] AndroidManifest.xml:33:17-96
107                android:value="com.google.firebase.components.ComponentRegistrar" />
107-->[com.google.firebase:firebase-iid:17.1.2] AndroidManifest.xml:34:17-82
108        </service>
109
110        <provider
110-->[:image_picker] AndroidManifest.xml:11:9-19:20
111            android:name="io.flutter.plugins.imagepicker.ImagePickerFileProvider"
111-->[:image_picker] AndroidManifest.xml:12:13-82
112            android:authorities="com.example.photo_diary.flutter.image_provider"
112-->[:image_picker] AndroidManifest.xml:13:13-74
113            android:exported="false"
113-->[:image_picker] AndroidManifest.xml:14:13-37
114            android:grantUriPermissions="true" >
114-->[:image_picker] AndroidManifest.xml:15:13-47
115            <meta-data
115-->[:image_picker] AndroidManifest.xml:16:13-18:75
116                android:name="android.support.FILE_PROVIDER_PATHS"
116-->[:image_picker] AndroidManifest.xml:17:17-67
117                android:resource="@xml/flutter_image_picker_file_paths" />
117-->[:image_picker] AndroidManifest.xml:18:17-72
118        </provider>
119
120        <activity
120-->[:url_launcher] AndroidManifest.xml:8:9-11:74
121            android:name="io.flutter.plugins.urllauncher.WebViewActivity"
121-->[:url_launcher] AndroidManifest.xml:9:13-74
122            android:exported="false"
122-->[:url_launcher] AndroidManifest.xml:10:13-37
123            android:theme="@android:style/Theme.NoTitleBar.Fullscreen" />
123-->[:url_launcher] AndroidManifest.xml:11:13-71
124        <activity
124-->[com.google.android.gms:play-services-auth:16.0.1] AndroidManifest.xml:23:9-27:75
125            android:name="com.google.android.gms.auth.api.signin.internal.SignInHubActivity"
125-->[com.google.android.gms:play-services-auth:16.0.1] AndroidManifest.xml:24:13-93
126            android:excludeFromRecents="true"
126-->[com.google.android.gms:play-services-auth:16.0.1] AndroidManifest.xml:25:13-46
127            android:exported="false"
127-->[com.google.android.gms:play-services-auth:16.0.1] AndroidManifest.xml:26:13-37
128            android:theme="@android:style/Theme.Translucent.NoTitleBar" />
128-->[com.google.android.gms:play-services-auth:16.0.1] AndroidManifest.xml:27:13-72
129        <!--
130            Service handling Google Sign-In user revocation. For apps that do not integrate with
131            Google Sign-In, this service will never be started.
132        -->
133        <service
133-->[com.google.android.gms:play-services-auth:16.0.1] AndroidManifest.xml:33:9-36:110
134            android:name="com.google.android.gms.auth.api.signin.RevocationBoundService"
134-->[com.google.android.gms:play-services-auth:16.0.1] AndroidManifest.xml:34:13-89
135            android:exported="true"
135-->[com.google.android.gms:play-services-auth:16.0.1] AndroidManifest.xml:35:13-36
136            android:permission="com.google.android.gms.auth.api.signin.permission.REVOCATION_NOTIFICATION" />
136-->[com.google.android.gms:play-services-auth:16.0.1] AndroidManifest.xml:36:13-107
137
138        <activity
138-->[com.google.firebase:firebase-auth:19.2.0] AndroidManifest.xml:24:9-31:50
139            android:name="com.google.firebase.auth.internal.FederatedSignInActivity"
139-->[com.google.firebase:firebase-auth:19.2.0] AndroidManifest.xml:25:13-85
140            android:excludeFromRecents="true"
140-->[com.google.firebase:firebase-auth:19.2.0] AndroidManifest.xml:26:13-46
141            android:exported="true"
141-->[com.google.firebase:firebase-auth:19.2.0] AndroidManifest.xml:27:13-36
142            android:launchMode="singleTask"
142-->[com.google.firebase:firebase-auth:19.2.0] AndroidManifest.xml:28:13-44
143            android:permission="com.google.firebase.auth.api.gms.permission.LAUNCH_FEDERATED_SIGN_IN"
143-->[com.google.firebase:firebase-auth:19.2.0] AndroidManifest.xml:29:13-102
144            android:theme="@android:style/Theme.Translucent.NoTitleBar" />
144-->[com.google.firebase:firebase-auth:19.2.0] AndroidManifest.xml:30:13-72
145
146        <receiver
146-->[com.google.firebase:firebase-iid:17.1.2] AndroidManifest.xml:37:9-44:20
147            android:name="com.google.firebase.iid.FirebaseInstanceIdReceiver"
147-->[com.google.firebase:firebase-iid:17.1.2] AndroidManifest.xml:38:13-78
148            android:exported="true"
148-->[com.google.firebase:firebase-iid:17.1.2] AndroidManifest.xml:39:13-36
149            android:permission="com.google.android.c2dm.permission.SEND" >
149-->[com.google.firebase:firebase-iid:17.1.2] AndroidManifest.xml:40:13-73
150            <intent-filter>
150-->[com.google.firebase:firebase-iid:17.1.2] AndroidManifest.xml:41:13-43:29
151                <action android:name="com.google.android.c2dm.intent.RECEIVE" />
151-->[com.google.firebase:firebase-iid:17.1.2] AndroidManifest.xml:42:17-81
151-->[com.google.firebase:firebase-iid:17.1.2] AndroidManifest.xml:42:25-78
152            </intent-filter>
153        </receiver>
154        <!--
155             FirebaseInstanceIdService performs security checks at runtime,
156             no need for explicit permissions despite exported="true"
157        -->
158        <service
158-->[com.google.firebase:firebase-iid:17.1.2] AndroidManifest.xml:50:9-56:19
159            android:name="com.google.firebase.iid.FirebaseInstanceIdService"
159-->[com.google.firebase:firebase-iid:17.1.2] AndroidManifest.xml:51:13-77
160            android:exported="true" >
160-->[com.google.firebase:firebase-iid:17.1.2] AndroidManifest.xml:52:13-36
161            <intent-filter android:priority="-500" >
161-->[com.google.firebase:firebase-iid:17.1.2] AndroidManifest.xml:53:13-55:29
161-->[com.google.firebase:firebase-iid:17.1.2] AndroidManifest.xml:53:28-51
162                <action android:name="com.google.firebase.INSTANCE_ID_EVENT" />
162-->[com.google.firebase:firebase-iid:17.1.2] AndroidManifest.xml:54:17-80
162-->[com.google.firebase:firebase-iid:17.1.2] AndroidManifest.xml:54:25-77
163            </intent-filter>
164        </service>
165
166        <provider
166-->[com.google.firebase:firebase-common:19.3.0] AndroidManifest.xml:26:9-30:39
167            android:name="com.google.firebase.provider.FirebaseInitProvider"
167-->[com.google.firebase:firebase-common:19.3.0] AndroidManifest.xml:27:13-77
168            android:authorities="com.example.photo_diary.firebaseinitprovider"
168-->[com.google.firebase:firebase-common:19.3.0] AndroidManifest.xml:28:13-72
169            android:exported="false"
169-->[com.google.firebase:firebase-common:19.3.0] AndroidManifest.xml:29:13-37
170            android:initOrder="100" />
170-->[com.google.firebase:firebase-common:19.3.0] AndroidManifest.xml:30:13-36
171
172        <receiver
172-->[com.google.android.gms:play-services-measurement:16.5.0] AndroidManifest.xml:29:9-33:20
173            android:name="com.google.android.gms.measurement.AppMeasurementReceiver"
173-->[com.google.android.gms:play-services-measurement:16.5.0] AndroidManifest.xml:30:13-85
174            android:enabled="true"
174-->[com.google.android.gms:play-services-measurement:16.5.0] AndroidManifest.xml:31:13-35
175            android:exported="false" >
175-->[com.google.android.gms:play-services-measurement:16.5.0] AndroidManifest.xml:32:13-37
176        </receiver>
177        <receiver
177-->[com.google.android.gms:play-services-measurement:16.5.0] AndroidManifest.xml:34:9-42:20
178            android:name="com.google.android.gms.measurement.AppMeasurementInstallReferrerReceiver"
178-->[com.google.android.gms:play-services-measurement:16.5.0] AndroidManifest.xml:35:13-100
179            android:enabled="true"
179-->[com.google.android.gms:play-services-measurement:16.5.0] AndroidManifest.xml:36:13-35
180            android:exported="true"
180-->[com.google.android.gms:play-services-measurement:16.5.0] AndroidManifest.xml:37:13-36
181            android:permission="android.permission.INSTALL_PACKAGES" >
181-->[com.google.android.gms:play-services-measurement:16.5.0] AndroidManifest.xml:38:13-69
182            <intent-filter>
182-->[com.google.android.gms:play-services-measurement:16.5.0] AndroidManifest.xml:39:13-41:29
183                <action android:name="com.android.vending.INSTALL_REFERRER" />
183-->[com.google.android.gms:play-services-measurement:16.5.0] AndroidManifest.xml:40:17-79
183-->[com.google.android.gms:play-services-measurement:16.5.0] AndroidManifest.xml:40:25-76
184            </intent-filter>
185        </receiver>
186
187        <service
187-->[com.google.android.gms:play-services-measurement:16.5.0] AndroidManifest.xml:44:9-47:40
188            android:name="com.google.android.gms.measurement.AppMeasurementService"
188-->[com.google.android.gms:play-services-measurement:16.5.0] AndroidManifest.xml:45:13-84
189            android:enabled="true"
189-->[com.google.android.gms:play-services-measurement:16.5.0] AndroidManifest.xml:46:13-35
190            android:exported="false" />
190-->[com.google.android.gms:play-services-measurement:16.5.0] AndroidManifest.xml:47:13-37
191        <service
191-->[com.google.android.gms:play-services-measurement:16.5.0] AndroidManifest.xml:48:9-52:72
192            android:name="com.google.android.gms.measurement.AppMeasurementJobService"
192-->[com.google.android.gms:play-services-measurement:16.5.0] AndroidManifest.xml:49:13-87
193            android:enabled="true"
193-->[com.google.android.gms:play-services-measurement:16.5.0] AndroidManifest.xml:50:13-35
194            android:exported="false"
194-->[com.google.android.gms:play-services-measurement:16.5.0] AndroidManifest.xml:51:13-37
195            android:permission="android.permission.BIND_JOB_SERVICE" />
195-->[com.google.android.gms:play-services-measurement:16.5.0] AndroidManifest.xml:52:13-69
196
197        <activity
197-->[com.google.android.gms:play-services-base:17.1.0] AndroidManifest.xml:23:9-26:75
198            android:name="com.google.android.gms.common.api.GoogleApiActivity"
198-->[com.google.android.gms:play-services-base:17.1.0] AndroidManifest.xml:24:13-79
199            android:exported="false"
199-->[com.google.android.gms:play-services-base:17.1.0] AndroidManifest.xml:25:13-37
200            android:theme="@android:style/Theme.Translucent.NoTitleBar" />
200-->[com.google.android.gms:play-services-base:17.1.0] AndroidManifest.xml:26:13-72
201
202        <meta-data
202-->[com.google.android.gms:play-services-basement:17.0.0] AndroidManifest.xml:23:9-25:69
203            android:name="com.google.android.gms.version"
203-->[com.google.android.gms:play-services-basement:17.0.0] AndroidManifest.xml:24:13-58
204            android:value="@integer/google_play_services_version" />
204-->[com.google.android.gms:play-services-basement:17.0.0] AndroidManifest.xml:25:13-66
205    </application>
206
207</manifest>